[2020-02-23T12:57:28.729] [DEBUG] cheese - login => username:zce,password:12345123
[2020-02-23T12:57:28.731] [DEBUG] cheese - zce
[2020-02-23T12:57:28.740] [DEBUG] cheese - null
[2020-02-23T12:57:28.740] [DEBUG] cheese - null
[2020-02-23T12:57:53.219] [DEBUG] cheese - login => username:ww,password:12345123
[2020-02-23T12:57:53.219] [DEBUG] cheese - ww
[2020-02-23T12:57:53.222] [DEBUG] cheese - null
[2020-02-23T12:57:53.222] [DEBUG] cheese - null
[2020-02-23T12:57:54.950] [DEBUG] cheese - login => username:ww,password:12345123
[2020-02-23T12:57:54.950] [DEBUG] cheese - ww
[2020-02-23T12:57:54.955] [DEBUG] cheese - null
[2020-02-23T12:57:54.955] [DEBUG] cheese - null
[2020-02-23T13:02:27.231] [DEBUG] cheese - login => username:admin,password:123456
[2020-02-23T13:02:27.231] [DEBUG] cheese - admin
[2020-02-23T13:02:27.239] [DEBUG] cheese - null
[2020-02-23T13:02:27.239] [DEBUG] cheese - null
[2020-02-23T13:11:46.813] [DEBUG] cheese - login => username:admin,password:123456
[2020-02-23T13:11:46.813] [DEBUG] cheese - admin
[2020-02-23T13:11:46.818] [DEBUG] cheese - null
[2020-02-23T13:11:46.818] [DEBUG] cheese - null
[2020-02-23T13:12:23.216] [DEBUG] cheese - login => username:admin,password:123456
[2020-02-23T13:12:23.217] [DEBUG] cheese - admin
[2020-02-23T13:12:23.221] [DEBUG] cheese - null
[2020-02-23T13:12:23.221] [DEBUG] cheese - null
[2020-02-23T22:41:00.082] [DEBUG] cheese - login => username:admin,password:123456
[2020-02-23T22:41:00.083] [DEBUG] cheese - admin
[2020-02-23T22:41:00.092] [DEBUG] cheese - null
[2020-02-23T22:41:00.093] [DEBUG] cheese - null
[2020-02-26T11:52:48.441] [DEBUG] cheese - login => username:admin,password:123456
[2020-02-26T11:52:48.442] [DEBUG] cheese - admin
[2020-02-26T11:52:48.507] [DEBUG] cheese - null
[2020-02-26T11:52:48.508] [DEBUG] cheese - null
[2020-02-26T14:38:22.038] [DEBUG] cheese - login => username:zs2,password:123456
[2020-02-26T14:38:22.039] [DEBUG] cheese - zs2
[2020-02-26T14:38:22.070] [DEBUG] cheese - null
[2020-02-26T14:38:22.071] [DEBUG] cheese - null
[2020-02-26T14:40:28.656] [DEBUG] cheese - login => username:zsq,password:123456
[2020-02-26T14:40:28.656] [DEBUG] cheese - zsq
[2020-02-26T14:40:28.660] [DEBUG] cheese - null
[2020-02-26T14:40:28.661] [DEBUG] cheese - null
[2020-02-26T14:40:39.913] [DEBUG] cheese - login => username:admin,password:123456
[2020-02-26T14:40:39.913] [DEBUG] cheese - admin
[2020-02-26T14:40:39.918] [DEBUG] cheese - null
[2020-02-26T14:40:39.918] [DEBUG] cheese - null
[2020-02-26T14:44:55.926] [DEBUG] cheese - login => username:zss,password:123456
[2020-02-26T14:44:55.926] [DEBUG] cheese - zss
[2020-02-26T14:44:55.931] [DEBUG] cheese - null
[2020-02-26T14:44:55.931] [DEBUG] cheese - null
[2020-02-26T14:45:07.380] [DEBUG] cheese - login => username:admin,password:123456
[2020-02-26T14:45:07.380] [DEBUG] cheese - admin
[2020-02-26T14:45:07.382] [DEBUG] cheese - null
[2020-02-26T14:45:07.382] [DEBUG] cheese - null
[2020-02-26T14:51:05.841] [DEBUG] cheese - login => username:admin,password:123456
[2020-02-26T14:51:05.841] [DEBUG] cheese - admin
[2020-02-26T14:51:05.846] [DEBUG] cheese - null
[2020-02-26T14:51:05.846] [DEBUG] cheese - null
[2020-02-26T14:52:20.520] [DEBUG] cheese - login => username:admin,password:123456
[2020-02-26T14:52:20.520] [DEBUG] cheese - admin
[2020-02-26T14:52:20.523] [DEBUG] cheese - null
[2020-02-26T14:52:20.523] [DEBUG] cheese - null
[2020-02-26T14:52:33.738] [DEBUG] cheese - login => username:admin,password:123456
[2020-02-26T14:52:33.739] [DEBUG] cheese - admin
[2020-02-26T14:52:33.740] [DEBUG] cheese - null
[2020-02-26T14:52:33.740] [DEBUG] cheese - null
[2020-02-26T15:05:44.858] [DEBUG] cheese - login => username:admin,password:123456
[2020-02-26T15:05:44.858] [DEBUG] cheese - admin
[2020-02-26T15:05:44.862] [DEBUG] cheese - null
[2020-02-26T15:05:44.862] [DEBUG] cheese - null
[2020-02-26T15:08:33.918] [DEBUG] cheese - login => username:admin,password:123456
[2020-02-26T15:08:33.918] [DEBUG] cheese - admin
[2020-02-26T15:08:33.922] [DEBUG] cheese - null
[2020-02-26T15:08:33.922] [DEBUG] cheese - null
[2020-02-26T15:08:44.186] [DEBUG] cheese - login => username:admin,password:123456
[2020-02-26T15:08:44.186] [DEBUG] cheese - admin
[2020-02-26T15:08:44.188] [DEBUG] cheese - null
[2020-02-26T15:08:44.188] [DEBUG] cheese - null
[2020-02-26T15:15:23.287] [DEBUG] cheese - login => username:admin,password:123456
[2020-02-26T15:15:23.287] [DEBUG] cheese - admin
[2020-02-26T15:15:23.292] [DEBUG] cheese - null
[2020-02-26T15:15:23.292] [DEBUG] cheese - null
[2020-02-26T15:24:15.467] [DEBUG] cheese - login => username:admin,password:123456
[2020-02-26T15:24:15.467] [DEBUG] cheese - admin
[2020-02-26T15:24:15.471] [DEBUG] cheese - null
[2020-02-26T15:24:15.471] [DEBUG] cheese - null
[2020-02-26T15:36:29.825] [DEBUG] cheese - login => username:admin,password:123456
[2020-02-26T15:36:29.825] [DEBUG] cheese - admin
[2020-02-26T15:36:29.829] [DEBUG] cheese - null
[2020-02-26T15:36:29.829] [DEBUG] cheese - null
[2020-02-26T16:05:05.881] [DEBUG] cheese - login => username:admin,password:123456
[2020-02-26T16:05:05.881] [DEBUG] cheese - admin
[2020-02-26T16:05:06.014] [DEBUG] cheese - null
[2020-02-26T16:05:06.014] [DEBUG] cheese - null
[2020-02-26T16:53:44.880] [DEBUG] cheese - login => username:admin,password:123456
[2020-02-26T16:53:45.607] [DEBUG] cheese - admin
[2020-02-26T16:53:45.609] [DEBUG] cheese - null
[2020-02-26T16:53:45.609] [DEBUG] cheese - null
[2020-02-27T17:29:56.508] [DEBUG] cheese - login => username:admin,password:123456
[2020-02-27T17:29:56.509] [DEBUG] cheese - admin
[2020-02-27T17:29:56.562] [DEBUG] cheese - null
[2020-02-27T17:29:56.563] [DEBUG] cheese - null
